[00:05:43] [Server thread/INFO]: Starting world save...
[00:05:43] [Server thread/INFO]: World save completed!
[00:15:43] [Server thread/INFO]: Starting world save...
[00:15:43] [Server thread/INFO]: World save completed!
[00:25:43] [Server thread/INFO]: Starting world save...
[00:25:43] [Server thread/INFO]: World save completed!
[00:35:43] [Server thread/INFO]: Starting world save...
[00:35:43] [Server thread/INFO]: World save completed!
[00:45:43] [Server thread/INFO]: Starting world save...
[00:45:43] [Server thread/INFO]: World save completed!
[00:55:43] [Server thread/INFO]: Starting world save...
[00:55:43] [Server thread/INFO]: World save completed!
[01:05:43] [Server thread/INFO]: Starting world save...
[01:05:43] [Server thread/INFO]: World save completed!
[01:15:43] [Server thread/INFO]: Starting world save...
[01:15:43] [Server thread/INFO]: World save completed!
[01:25:43] [Server thread/INFO]: Starting world save...
[01:25:43] [Server thread/INFO]: World save completed!
[01:35:43] [Server thread/INFO]: Starting world save...
[01:35:43] [Server thread/INFO]: World save completed!
[01:45:43] [Server thread/INFO]: Starting world save...
[01:45:43] [Server thread/INFO]: World save completed!
[01:55:43] [Server thread/INFO]: Starting world save...
[01:55:43] [Server thread/INFO]: World save completed!
[02:05:43] [Server thread/INFO]: Starting world save...
[02:05:43] [Server thread/INFO]: World save completed!
[02:15:43] [Server thread/INFO]: Starting world save...
[02:15:43] [Server thread/INFO]: World save completed!
[02:25:43] [Server thread/INFO]: Starting world save...
[02:25:43] [Server thread/INFO]: World save completed!
[02:35:43] [Server thread/INFO]: Starting world save...
[02:35:43] [Server thread/INFO]: World save completed!
[02:45:43] [Server thread/INFO]: Starting world save...
[02:45:43] [Server thread/INFO]: World save completed!
[02:55:43] [Server thread/INFO]: Starting world save...
[02:55:43] [Server thread/INFO]: World save completed!
[03:05:43] [Server thread/INFO]: Starting world save...
[03:05:43] [Server thread/INFO]: World save completed!
[03:15:43] [Server thread/INFO]: Starting world save...
[03:15:43] [Server thread/INFO]: World save completed!
[03:25:43] [Server thread/INFO]: Starting world save...
[03:25:43] [Server thread/INFO]: World save completed!
[03:35:43] [Server thread/INFO]: Starting world save...
[03:35:43] [Server thread/INFO]: World save completed!
[03:45:43] [Server thread/INFO]: Starting world save...
[03:45:43] [Server thread/INFO]: World save completed!
[03:55:43] [Server thread/INFO]: Starting world save...
[03:55:43] [Server thread/INFO]: World save completed!
[04:05:43] [Server thread/INFO]: Starting world save...
[04:05:43] [Server thread/INFO]: World save completed!
[04:15:43] [Server thread/INFO]: Starting world save...
[04:15:43] [Server thread/INFO]: World save completed!
[04:25:43] [Server thread/INFO]: Starting world save...
[04:25:43] [Server thread/INFO]: World save completed!
[04:35:43] [Server thread/INFO]: Starting world save...
[04:35:43] [Server thread/INFO]: World save completed!
[04:45:43] [Server thread/INFO]: Starting world save...
[04:45:43] [Server thread/INFO]: World save completed!
[04:55:43] [Server thread/INFO]: Starting world save...
[04:55:43] [Server thread/INFO]: World save completed!
[05:05:43] [Server thread/INFO]: Starting world save...
[05:05:43] [Server thread/INFO]: World save completed!
[05:15:43] [Server thread/INFO]: Starting world save...
[05:15:43] [Server thread/INFO]: World save completed!
[05:25:43] [Server thread/INFO]: Starting world save...
[05:25:43] [Server thread/INFO]: World save completed!
[05:35:43] [Server thread/INFO]: Starting world save...
[05:35:43] [Server thread/INFO]: World save completed!
[05:45:43] [Server thread/INFO]: Starting world save...
[05:45:43] [Server thread/INFO]: World save completed!
[05:55:43] [Server thread/INFO]: Starting world save...
[05:55:43] [Server thread/INFO]: World save completed!
[06:05:43] [Server thread/INFO]: Starting world save...
[06:05:43] [Server thread/INFO]: World save completed!
[06:15:43] [Server thread/INFO]: Starting world save...
[06:15:43] [Server thread/INFO]: World save completed!
[06:25:43] [Server thread/INFO]: Starting world save...
[06:25:43] [Server thread/INFO]: World save completed!
[06:35:43] [Server thread/INFO]: Starting world save...
[06:35:43] [Server thread/INFO]: World save completed!
[06:45:43] [Server thread/INFO]: Starting world save...
[06:45:43] [Server thread/INFO]: World save completed!
[06:55:43] [Server thread/INFO]: Starting world save...
[06:55:43] [Server thread/INFO]: World save completed!
[07:05:43] [Server thread/INFO]: Starting world save...
[07:05:43] [Server thread/INFO]: World save completed!
[07:15:43] [Server thread/INFO]: Starting world save...
[07:15:43] [Server thread/INFO]: World save completed!
[07:25:43] [Server thread/INFO]: Starting world save...
[07:25:43] [Server thread/INFO]: World save completed!
[07:35:43] [Server thread/INFO]: Starting world save...
[07:35:43] [Server thread/INFO]: World save completed!
[07:45:43] [Server thread/INFO]: Starting world save...
[07:45:43] [Server thread/INFO]: World save completed!
[07:55:43] [Server thread/INFO]: Starting world save...
[07:55:43] [Server thread/INFO]: World save completed!
[08:05:43] [Server thread/INFO]: Starting world save...
[08:05:43] [Server thread/INFO]: World save completed!
[08:15:43] [Server thread/INFO]: Starting world save...
[08:15:43] [Server thread/INFO]: World save completed!
[08:25:43] [Server thread/INFO]: Starting world save...
[08:25:43] [Server thread/INFO]: World save completed!
[08:35:43] [Server thread/INFO]: Starting world save...
[08:35:43] [Server thread/INFO]: World save completed!
[08:45:43] [Server thread/INFO]: Starting world save...
[08:45:43] [Server thread/INFO]: World save completed!
[08:55:43] [Server thread/INFO]: Starting world save...
[08:55:43] [Server thread/INFO]: World save completed!
[09:05:43] [Server thread/INFO]: Starting world save...
[09:05:43] [Server thread/INFO]: World save completed!
[09:15:43] [Server thread/INFO]: Starting world save...
[09:15:43] [Server thread/INFO]: World save completed!
[09:25:43] [Server thread/INFO]: Starting world save...
[09:25:43] [Server thread/INFO]: World save completed!
[09:35:43] [Server thread/INFO]: Starting world save...
[09:35:43] [Server thread/INFO]: World save completed!
[09:45:43] [Server thread/INFO]: Starting world save...
[09:45:43] [Server thread/INFO]: World save completed!
[09:55:43] [Server thread/INFO]: Starting world save...
[09:55:43] [Server thread/INFO]: World save completed!
[10:05:43] [Server thread/INFO]: Starting world save...
[10:05:43] [Server thread/INFO]: World save completed!
[10:15:43] [Server thread/INFO]: Starting world save...
[10:15:43] [Server thread/INFO]: World save completed!
[10:25:43] [Server thread/INFO]: Starting world save...
[10:25:43] [Server thread/INFO]: World save completed!
[10:35:43] [Server thread/INFO]: Starting world save...
[10:35:43] [Server thread/INFO]: World save completed!
[10:45:43] [Server thread/INFO]: Starting world save...
[10:45:43] [Server thread/INFO]: World save completed!
[10:55:43] [Server thread/INFO]: Starting world save...
[10:55:43] [Server thread/INFO]: World save completed!
[11:05:43] [Server thread/INFO]: Starting world save...
[11:05:43] [Server thread/INFO]: World save completed!
[11:15:43] [Server thread/INFO]: Starting world save...
[11:15:43] [Server thread/INFO]: World save completed!
[11:25:43] [Server thread/INFO]: Starting world save...
[11:25:43] [Server thread/INFO]: World save completed!
[11:35:43] [Server thread/INFO]: Starting world save...
[11:35:43] [Server thread/INFO]: World save completed!
[11:45:43] [Server thread/INFO]: Starting world save...
[11:45:43] [Server thread/INFO]: World save completed!
[11:55:43] [Server thread/INFO]: Starting world save...
[11:55:43] [Server thread/INFO]: World save completed!
[12:05:44] [Server thread/INFO]: Starting world save...
[12:05:44] [Server thread/INFO]: World save completed!
[12:15:44] [Server thread/INFO]: Starting world save...
[12:15:44] [Server thread/INFO]: World save completed!
[12:25:44] [Server thread/INFO]: Starting world save...
[12:25:44] [Server thread/INFO]: World save completed!
[12:35:44] [Server thread/INFO]: Starting world save...
[12:35:44] [Server thread/INFO]: World save completed!
[12:45:44] [Server thread/INFO]: Starting world save...
[12:45:44] [Server thread/INFO]: World save completed!
[12:53:52] [WebSocketConnectReadThread-7270/WARN]: [Geyser-Spigot] Got an error
java.net.UnknownHostException: No such host is known (api.geysermc.org)
	at java.net.Inet6AddressImpl.lookupAllHostAddr(Native Method) ~[?:?]
	at java.net.Inet6AddressImpl.lookupAllHostAddr(Inet6AddressImpl.java:52) ~[?:?]
	at java.net.InetAddress$PlatformResolver.lookupByName(InetAddress.java:1059) ~[?:?]
	at java.net.InetAddress.getAddressesFromNameService(InetAddress.java:1668) ~[?:?]
	at java.net.InetAddress$NameServiceAddresses.get(InetAddress.java:1003) ~[?:?]
	at java.net.InetAddress.getAllByName0(InetAddress.java:1658) ~[?:?]
	at java.net.InetAddress.getAllByName(InetAddress.java:1524) ~[?:?]
	at java.net.InetAddress.getByName(InetAddress.java:1413) ~[?:?]
	at org.java_websocket.client.WebSocketClient$1.resolve(WebSocketClient.java:210) ~[Geyser-Spigot.jar:?]
	at org.java_websocket.client.WebSocketClient.run(WebSocketClient.java:460) ~[Geyser-Spigot.jar:?]
	at java.lang.Thread.run(Thread.java:1589) ~[?:?]
[12:54:06] [WebSocketConnectReadThread-7271/WARN]: [Geyser-Spigot] Got an error
java.net.UnknownHostException: No such host is known (api.geysermc.org)
	at java.net.Inet6AddressImpl.lookupAllHostAddr(Native Method) ~[?:?]
	at java.net.Inet6AddressImpl.lookupAllHostAddr(Inet6AddressImpl.java:52) ~[?:?]
	at java.net.InetAddress$PlatformResolver.lookupByName(InetAddress.java:1059) ~[?:?]
	at java.net.InetAddress.getAddressesFromNameService(InetAddress.java:1668) ~[?:?]
	at java.net.InetAddress$NameServiceAddresses.get(InetAddress.java:1003) ~[?:?]
	at java.net.InetAddress.getAllByName0(InetAddress.java:1658) ~[?:?]
	at java.net.InetAddress.getAllByName(InetAddress.java:1524) ~[?:?]
	at java.net.InetAddress.getByName(InetAddress.java:1413) ~[?:?]
	at org.java_websocket.client.WebSocketClient$1.resolve(WebSocketClient.java:210) ~[Geyser-Spigot.jar:?]
	at org.java_websocket.client.WebSocketClient.run(WebSocketClient.java:460) ~[Geyser-Spigot.jar:?]
	at java.lang.Thread.run(Thread.java:1589) ~[?:?]
[12:55:44] [Server thread/INFO]: Starting world save...
[12:55:44] [Server thread/INFO]: World save completed!
[12:57:57] [WebSocketConnectReadThread-7276/WARN]: [Geyser-Spigot] Got an error
java.net.UnknownHostException: No such host is known (api.geysermc.org)
	at java.net.Inet6AddressImpl.lookupAllHostAddr(Native Method) ~[?:?]
	at java.net.Inet6AddressImpl.lookupAllHostAddr(Inet6AddressImpl.java:52) ~[?:?]
	at java.net.InetAddress$PlatformResolver.lookupByName(InetAddress.java:1059) ~[?:?]
	at java.net.InetAddress.getAddressesFromNameService(InetAddress.java:1668) ~[?:?]
	at java.net.InetAddress$NameServiceAddresses.get(InetAddress.java:1003) ~[?:?]
	at java.net.InetAddress.getAllByName0(InetAddress.java:1658) ~[?:?]
	at java.net.InetAddress.getAllByName(InetAddress.java:1524) ~[?:?]
	at java.net.InetAddress.getByName(InetAddress.java:1413) ~[?:?]
	at org.java_websocket.client.WebSocketClient$1.resolve(WebSocketClient.java:210) ~[Geyser-Spigot.jar:?]
	at org.java_websocket.client.WebSocketClient.run(WebSocketClient.java:460) ~[Geyser-Spigot.jar:?]
	at java.lang.Thread.run(Thread.java:1589) ~[?:?]
[13:05:44] [Server thread/INFO]: Starting world save...
[13:05:44] [Server thread/INFO]: World save completed!
[13:15:44] [Server thread/INFO]: Starting world save...
[13:15:44] [Server thread/INFO]: World save completed!
[13:22:23] [WebSocketConnectReadThread-7290/WARN]: [Geyser-Spigot] Got an error
java.net.UnknownHostException: No such host is known (api.geysermc.org)
	at java.net.Inet6AddressImpl.lookupAllHostAddr(Native Method) ~[?:?]
	at java.net.Inet6AddressImpl.lookupAllHostAddr(Inet6AddressImpl.java:52) ~[?:?]
	at java.net.InetAddress$PlatformResolver.lookupByName(InetAddress.java:1059) ~[?:?]
	at java.net.InetAddress.getAddressesFromNameService(InetAddress.java:1668) ~[?:?]
	at java.net.InetAddress$NameServiceAddresses.get(InetAddress.java:1003) ~[?:?]
	at java.net.InetAddress.getAllByName0(InetAddress.java:1658) ~[?:?]
	at java.net.InetAddress.getAllByName(InetAddress.java:1524) ~[?:?]
	at java.net.InetAddress.getByName(InetAddress.java:1413) ~[?:?]
	at org.java_websocket.client.WebSocketClient$1.resolve(WebSocketClient.java:210) ~[Geyser-Spigot.jar:?]
	at org.java_websocket.client.WebSocketClient.run(WebSocketClient.java:460) ~[Geyser-Spigot.jar:?]
	at java.lang.Thread.run(Thread.java:1589) ~[?:?]
[13:25:44] [Server thread/INFO]: Starting world save...
[13:25:44] [Server thread/INFO]: World save completed!
[13:35:44] [Server thread/INFO]: Starting world save...
[13:35:44] [Server thread/INFO]: World save completed!
[13:45:44] [Server thread/INFO]: Starting world save...
[13:45:44] [Server thread/INFO]: World save completed!
[13:55:44] [Server thread/INFO]: Starting world save...
[13:55:44] [Server thread/INFO]: World save completed!
[14:05:44] [Server thread/INFO]: Starting world save...
[14:05:44] [Server thread/INFO]: World save completed!
[14:15:44] [Server thread/INFO]: Starting world save...
[14:15:44] [Server thread/INFO]: World save completed!
[14:25:44] [Server thread/INFO]: Starting world save...
[14:25:44] [Server thread/INFO]: World save completed!
[14:35:44] [Server thread/INFO]: Starting world save...
[14:35:44] [Server thread/INFO]: World save completed!
[14:45:44] [Server thread/INFO]: Starting world save...
[14:45:44] [Server thread/INFO]: World save completed!
[14:55:44] [Server thread/INFO]: Starting world save...
[14:55:44] [Server thread/INFO]: World save completed!
[15:05:44] [Server thread/INFO]: Starting world save...
[15:05:44] [Server thread/INFO]: World save completed!
[15:15:44] [Server thread/INFO]: Starting world save...
[15:15:44] [Server thread/INFO]: World save completed!
[15:25:44] [Server thread/INFO]: Starting world save...
[15:25:44] [Server thread/INFO]: World save completed!
[15:35:44] [Server thread/INFO]: Starting world save...
[15:35:44] [Server thread/INFO]: World save completed!
[15:45:44] [Server thread/INFO]: Starting world save...
[15:45:44] [Server thread/INFO]: World save completed!
[15:55:44] [Server thread/INFO]: Starting world save...
[15:55:44] [Server thread/INFO]: World save completed!
[16:05:44] [Server thread/INFO]: Starting world save...
[16:05:44] [Server thread/INFO]: World save completed!
[16:15:44] [Server thread/INFO]: Starting world save...
[16:15:44] [Server thread/INFO]: World save completed!
[16:25:44] [Server thread/INFO]: Starting world save...
[16:25:44] [Server thread/INFO]: World save completed!
[16:35:44] [Server thread/INFO]: Starting world save...
[16:35:44] [Server thread/INFO]: World save completed!
[16:45:44] [Server thread/INFO]: Starting world save...
[16:45:44] [Server thread/INFO]: World save completed!
[16:55:44] [Server thread/INFO]: Starting world save...
[16:55:44] [Server thread/INFO]: World save completed!
[17:04:05] [Server thread/INFO]: Stopping the server
[17:04:05] [Server thread/INFO]: Stopping server
[17:04:05] [Server thread/INFO]: [Geyser-Spigot] Disabling Geyser-Spigot v2.1.0-SNAPSHOT
[17:04:05] [Server thread/INFO]: [Geyser-Spigot] Shutting down Geyser.
[17:04:05] [Server thread/INFO]: [Geyser-Spigot] Geyser shutdown successfully.
[17:04:05] [Server thread/INFO]: [floodgate] Disabling floodgate v2.2.0-SNAPSHOT (b73-4f36112)
[17:04:05] [Server thread/INFO]: [SaveIt] Disabling SaveIt v1.1.8
[17:04:05] [Server thread/INFO]: [CoreProtect] Disabling CoreProtect v21.2
[17:04:05] [Server thread/INFO]: [CoreProtect] Finishing up data logging. Please wait...
[17:04:05] [Server thread/INFO]: [CoreProtect] Success! Disabled CoreProtect v21.2
[17:04:05] [Server thread/INFO]: Saving players
[17:04:05] [Server thread/INFO]: Saving worlds
[17:04:05] [Server thread/INFO]: Saving chunks for level 'ServerLevel[world]'/minecraft:overworld
[17:04:05] [Server thread/INFO]: [ChunkHolderManager] Waiting 60s for chunk system to halt for world 'world'
[17:04:05] [Server thread/INFO]: [ChunkHolderManager] Halted chunk system for world 'world'
[17:04:05] [Server thread/INFO]: [ChunkHolderManager] Saving all chunkholders for world 'world'
[17:04:05] [Server thread/INFO]: [ChunkHolderManager] Saved 2 block chunks, 261 entity chunks, 0 poi chunks in world 'world' in 0.07s
[17:04:06] [Server thread/INFO]: ThreadedAnvilChunkStorage (world): All chunks are saved
[17:04:06] [Server thread/INFO]: Saving chunks for level 'ServerLevel[world_nether]'/minecraft:the_nether
[17:04:06] [Server thread/INFO]: [ChunkHolderManager] Waiting 60s for chunk system to halt for world 'world_nether'
[17:04:06] [Server thread/INFO]: [ChunkHolderManager] Halted chunk system for world 'world_nether'
[17:04:06] [Server thread/INFO]: [ChunkHolderManager] Saving all chunkholders for world 'world_nether'
[17:04:06] [connectionLostChecker-1/INFO]: [Geyser-Spigot] The skin uploader has been closed
[17:04:06] [Server thread/INFO]: [ChunkHolderManager] Saved 30 block chunks, 77 entity chunks, 0 poi chunks in world 'world_nether' in 0.33s
[17:04:06] [Server thread/INFO]: ThreadedAnvilChunkStorage (DIM-1): All chunks are saved
[17:04:06] [Server thread/INFO]: ThreadedAnvilChunkStorage: All dimensions are saved
[17:04:06] [Server thread/INFO]: Flushing Chunk IO
[17:04:06] [Server thread/INFO]: Closing Thread Pool
[17:04:06] [Server thread/INFO]: Closing Server
